2026-03-19 13:54:33,984 - INFO - Initialization requested (Model: vs060, Group: arm)
2026-03-19 13:54:34,063 - DEBUG - [C++:motion_server] robot_description_kinematics.arm.mode: string = local
2026-03-19 13:54:34,064 - DEBUG - [C++:motion_server] robot_description_kinematics.arm.gd_step_size: double = 0.000100
2026-03-19 13:54:34,064 - DEBUG - [C++:motion_server] robot_description_kinematics.arm.gd_max_iters: integer = 100
2026-03-19 13:54:34,065 - DEBUG - [C++:motion_server] robot_description_kinematics.arm.stop_optimization_on_valid_solution: bool = true
2026-03-19 13:54:34,065 - DEBUG - [C++:motion_server] robot_description_kinematics.arm.memetic_num_threads: integer = 1
2026-03-19 13:54:34,065 - DEBUG - [C++:motion_server] robot_description_kinematics.arm.memetic_stop_on_first_solution: bool = true
2026-03-19 13:54:34,066 - DEBUG - [C++:motion_server] robot_description_kinematics.arm.memetic_population_size: integer = 16
2026-03-19 13:54:34,066 - DEBUG - [C++:motion_server] robot_description_kinematics.arm.memetic_elite_size: integer = 4
2026-03-19 13:54:34,066 - DEBUG - [C++:motion_server] robot_description_kinematics.arm.memetic_wipeout_fitness_tol: double = 0.000010
2026-03-19 13:54:34,067 - DEBUG - [C++:motion_server] robot_description_kinematics.arm.memetic_max_generations: integer = 100
2026-03-19 13:54:34,069 - DEBUG - [C++:motion_server] robot_description_kinematics.arm.memetic_gd_max_iters: integer = 25
2026-03-19 13:54:34,070 - DEBUG - [C++:motion_server] robot_description_kinematics.arm.memetic_gd_max_time: double = 0.005000
2026-03-19 13:54:34,073 - DEBUG - [C++:motion_server] Loaded kinematic model in 0.072712 seconds
2026-03-19 13:54:34,141 - DEBUG - [C++:motion_server] robot_description_kinematics.arm.mode: string = local
2026-03-19 13:54:34,146 - DEBUG - [C++:motion_server] robot_description_kinematics.arm.stop_optimization_on_valid_solution: bool = true
2026-03-19 13:54:34,147 - DEBUG - [C++:motion_server] robot_description_kinematics.arm.memetic_num_threads: integer = 1
2026-03-19 13:54:34,149 - DEBUG - [C++:motion_server] robot_description_kinematics.arm.memetic_stop_on_first_solution: bool = true
2026-03-19 13:54:34,150 - DEBUG - [C++:motion_server] robot_description_kinematics.arm.memetic_population_size: integer = 16
2026-03-19 13:54:34,151 - DEBUG - [C++:motion_server] robot_description_kinematics.arm.memetic_elite_size: integer = 4
2026-03-19 13:54:34,152 - DEBUG - [C++:motion_server] robot_description_kinematics.arm.memetic_wipeout_fitness_tol: double = 0.000010
2026-03-19 13:54:34,152 - DEBUG - [C++:motion_server] robot_description_kinematics.arm.memetic_max_generations: integer = 100
2026-03-19 13:54:34,153 - DEBUG - [C++:motion_server] robot_description_kinematics.arm.memetic_gd_max_iters: integer = 25
2026-03-19 13:54:34,153 - DEBUG - [C++:motion_server] robot_description_kinematics.arm.memetic_gd_max_time: double = 0.005000
2026-03-19 13:54:34,153 - DEBUG - [C++:motion_server] Loaded kinematic model in 0.021337 seconds
2026-03-19 13:54:34,222 - DEBUG - [C++:motion_server] PlanningSceneMonitor: timed out waiting for robot state. Diagnostics may be incomplete on first call.
2026-03-19 13:54:34,225 - DEBUG - [C++:motion_server] PlanningSceneMonitor initialized for diagnostics
2026-03-19 13:54:34,227 - DEBUG - [C++:motion_server] Link: base_link
2026-03-19 13:54:34,229 - DEBUG - [C++:motion_server] Link: J1
2026-03-19 13:54:34,229 - DEBUG - [C++:motion_server] Link: J2
2026-03-19 13:54:34,230 - DEBUG - [C++:motion_server] Link: J3
2026-03-19 13:54:34,231 - DEBUG - [C++:motion_server] Link: J4
2026-03-19 13:54:34,231 - INFO - Initialization successful: Initialized with model=vs060, group=arm, vel_scale=0.2, accel_scale=0.2, plan_time=10, plan_attempts=20, replan=true,planner_id=RRTConnect, planning_frame=world, ee_link=tool_link
2026-03-19 13:54:34,231 - DEBUG - [C++:motion_server] Link: J5
2026-03-19 13:54:34,233 - DEBUG - [C++:motion_server] Link: J6
2026-03-19 13:54:34,236 - DEBUG - [C++:motion_server] Link: tool_link
2026-03-19 13:54:34,237 - DEBUG - [C++:motion_server] ---------------------------------------
2026-03-19 13:54:34,238 - DEBUG - [C++:motion_server] Initialized with model=vs060, group=arm, vel_scale=0.2, accel_scale=0.2, plan_time=10, plan_attempts=20, replan=true,planner_id=RRTConnect, planning_frame=world, ee_link=tool_link
2026-03-19 13:54:36,317 - INFO - Requesting IK solver info from C++ node...
2026-03-19 13:54:36,322 - INFO - Current IK solver plugin: pick_ik/PickIkPlugin (short name: pick_ik)
2026-03-19 13:54:38,368 - INFO - Scaling change requested (Vel: 1.0, Acc: 1.0)
2026-03-19 13:54:38,369 - DEBUG - [C++:motion_server] Scaling updated: velocity_scale=1, accel_scale=1. This will be used for all subsequent motions
2026-03-19 13:54:38,373 - INFO - Scaling change successful: Scaling updated: velocity_scale=1, accel_scale=1. This will be used for all subsequent motions
2026-03-19 13:54:40,422 - INFO - Sending ADD for mesh box1 (Path: file:///mnt/c/Users/33648/Desktop/STAGE_ROS/card_storage/boitier.STL)...
2026-03-19 13:54:40,498 - DEBUG - [C++:motion_server] Mesh 'box1' action 'ADD' applied with color.
2026-03-19 13:54:42,559 - INFO - Sending ADD for mesh box2 (Path: file:///mnt/c/Users/33648/Desktop/STAGE_ROS/card_storage/boitier.STL)...
2026-03-19 13:54:42,639 - DEBUG - [C++:motion_server] Mesh 'box2' action 'ADD' applied with color.
2026-03-19 13:54:44,685 - INFO - Virtual cage modification requested (Enable=True)
2026-03-19 13:54:44,691 - INFO - Virtual cage modification successful: Virtual cage successfully activated
2026-03-19 13:54:48,755 - INFO - Joint movement requested: [0.0, 0.0, 1.57, 0.0, 1.57, 0.0] (Relative=False, Angle Format=RAD, Execute=True)
2026-03-19 13:54:48,757 - DEBUG - [C++:motion_server] [MoveJoints] Request: 6 joints, relative=false, execute=true
2026-03-19 13:54:48,761 - DEBUG - [C++:motion_server] [PlanJoints] current=[0.0000, 0.0000, 0.0000, 0.0000, 0.0000, 0.0000] target=[0.0000, 0.0000, 1.5700, 0.0000, 1.5700, 0.0000] relative=false execute=true
2026-03-19 13:54:48,870 - DEBUG - [C++:motion_server] [PlanJoints] Plan OK: 1 points, planning took 0.111s
2026-03-19 13:54:48,871 - DEBUG - [C++:motion_server] [TRAJ] 1 points, total duration: 0.0000s, joints: 6
2026-03-19 13:54:48,944 - INFO - Joint movement successful: Joint trajectory executed (took 0.111246s)
2026-03-19 13:54:50,986 - INFO - Sending ADD for box DESKO GmbH SmartCard Reader 0_Antenna top (Glass): center to C++ node...
2026-03-19 13:54:53,044 - INFO - Sending ADD for box DESKO GmbH SmartCard Reader 0_Antenna front (PVC): center to C++ node...
2026-03-19 13:54:55,144 - INFO - Sending ADD for box ACS ACR1251 1S CL Reader PICC 0_Center to C++ node...
2026-03-19 13:54:57,234 - INFO - Sending ADD for mesh plaque1 (Path: file:///mnt/c/Users/33648/Desktop/STAGE_ROS/plates/plate1/plaque1.obj)...
2026-03-19 13:54:57,432 - DEBUG - [C++:motion_server] Mesh 'plaque1' action 'ADD' applied with color.
2026-03-19 13:54:59,503 - INFO - Request for movement received : X=0.2581, Y=0.136, Z=0.315, RX=3.141592653589793, RY=0.0, RZ=-1.5707963267948966, (Relative=False, Cartesian=True, Angle Format=RAD, Execute=True)
2026-03-19 13:54:59,507 - DEBUG - [C++:motion_server] [MoveToPose] Resolved target: pos=[0.2581, 0.1360, 0.3150] quat=[0.7071, -0.7071, -0.0000, 0.0000] frame=world ref=WORLD relative=false cartesian=true execute=true
2026-03-19 13:54:59,549 - DEBUG - [C++:motion_server] Cartesian path result: OK (standard) (0.04s)
2026-03-19 13:54:59,551 - DEBUG - [C++:motion_server] [TRAJ] 22 points, total duration: 2.0809s, joints: 6
2026-03-19 13:55:01,826 - INFO - Successful movement : Cartesian path executed. OK (standard) (took 0.039297s)
2026-03-19 13:55:03,852 - INFO - Request for movement received : X=0.0, Y=0.0, Z=-0.3, RX=0.0, RY=0.0, RZ=0.0, (Relative=True, Cartesian=True, Angle Format=RAD, Execute=True)
2026-03-19 13:55:03,854 - DEBUG - [C++:motion_server] [MoveToPose] Resolved target: pos=[0.2580, 0.1364, 0.0151] quat=[-0.7069, 0.7073, -0.0004, -0.0002] frame=world ref=WORLD relative=true cartesian=true execute=true
2026-03-19 13:55:03,886 - DEBUG - [C++:motion_server] Cartesian path result: OK (standard) (0.03s)
2026-03-19 13:55:03,887 - DEBUG - [C++:motion_server] [TRAJ] 23 points, total duration: 2.1139s, joints: 6
2026-03-19 13:55:06,144 - INFO - Successful movement : Cartesian path executed. OK (standard) (took 0.030417s)
2026-03-19 13:55:08,179 - INFO - Request for movement received : X=0.0, Y=0.0, Z=0.3, RX=0.0, RY=0.0, RZ=0.0, (Relative=True, Cartesian=True, Angle Format=RAD, Execute=True)
2026-03-19 13:55:08,183 - DEBUG - [C++:motion_server] [MoveToPose] Resolved target: pos=[0.2582, 0.1365, 0.3155] quat=[-0.7069, 0.7073, -0.0004, -0.0004] frame=world ref=WORLD relative=true cartesian=true execute=true
2026-03-19 13:55:08,214 - DEBUG - [C++:motion_server] Cartesian path result: OK (standard) (0.03s)
2026-03-19 13:55:08,216 - DEBUG - [C++:motion_server] [TRAJ] 23 points, total duration: 2.1204s, joints: 6
2026-03-19 13:55:10,475 - INFO - Successful movement : Cartesian path executed. OK (standard) (took 0.031564s)
2026-03-19 13:55:12,516 - INFO - Approach pose requested: target=(position: 0.488, 0.086, 0.121 - orientation: -3.142, 0.000, -2.478), z_offset=0.12m, cartesian=True
2026-03-19 13:55:12,516 - INFO - Approach position computed: x=0.488, y=0.086, z=0.241
2026-03-19 13:55:12,516 - INFO - Sending approach request to ROS C++ node...
2026-03-19 13:55:12,518 - DEBUG - [C++:motion_server] [MoveToPose] Resolved target: pos=[0.4877, 0.0863, 0.2415] quat=[-0.3256, 0.9455, -0.0000, 0.0000] frame=world ref=WORLD relative=false cartesian=true execute=true
2026-03-19 13:55:12,541 - DEBUG - [C++:motion_server] Cartesian path result: OK (standard) (0.02s)
2026-03-19 13:55:12,542 - DEBUG - [C++:motion_server] [TRAJ] 20 points, total duration: 1.8314s, joints: 6
2026-03-19 13:55:14,542 - INFO - Approach movement successful: Cartesian path executed. OK (standard) (took 0.021857s)
2026-03-19 13:55:16,600 - INFO - Request for movement received : X=0.0, Y=0.0, Z=0.12, RX=0.0, RY=0.0, RZ=0.0, (Relative=True, Cartesian=True, Angle Format=RAD, Execute=True)
2026-03-19 13:55:16,604 - DEBUG - [C++:motion_server] [MoveToPose] Resolved target: pos=[0.4877, 0.0863, 0.1216] quat=[-0.3255, 0.9455, -0.0001, 0.0006] frame=world ref=TOOL relative=true cartesian=true execute=true
2026-03-19 13:55:16,627 - DEBUG - [C++:motion_server] Cartesian path result: OK (standard) (0.02s)
2026-03-19 13:55:16,628 - DEBUG - [C++:motion_server] [TRAJ] 13 points, total duration: 1.1166s, joints: 6
2026-03-19 13:55:17,836 - INFO - Successful movement : Cartesian path executed. OK (standard) (took 0.020524s)
2026-03-19 13:55:19,862 - INFO - Request for movement received : X=0.0, Y=0.0, Z=-0.12, RX=0.0, RY=0.0, RZ=0.0, (Relative=True, Cartesian=True, Angle Format=RAD, Execute=True)
2026-03-19 13:55:19,863 - DEBUG - [C++:motion_server] [MoveToPose] Resolved target: pos=[0.4880, 0.0863, 0.2415] quat=[-0.3255, 0.9455, 0.0000, -0.0001] frame=world ref=TOOL relative=true cartesian=true execute=true
2026-03-19 13:55:19,879 - DEBUG - [C++:motion_server] Cartesian path result: OK (standard) (0.02s)
2026-03-19 13:55:19,881 - DEBUG - [C++:motion_server] [TRAJ] 13 points, total duration: 1.1064s, joints: 6
2026-03-19 13:55:21,095 - INFO - Successful movement : Cartesian path executed. OK (standard) (took 0.016185s)
2026-03-19 13:55:23,126 - INFO - Approach pose requested: target=(position: 0.435, 0.044, 0.086 - orientation: 3.128, 0.892, -2.478), z_offset=0.12m, cartesian=True
2026-03-19 13:55:23,126 - INFO - Approach position computed: x=0.363, y=-0.015, z=0.161
2026-03-19 13:55:23,126 - INFO - Sending approach request to ROS C++ node...
2026-03-19 13:55:23,128 - DEBUG - [C++:motion_server] [MoveToPose] Resolved target: pos=[0.3625, -0.0146, 0.1610] quat=[-0.2966, 0.8521, 0.1464, 0.4057] frame=world ref=WORLD relative=false cartesian=true execute=true
2026-03-19 13:55:23,167 - DEBUG - [C++:motion_server] Cartesian path result: OK (standard) (0.04s)
2026-03-19 13:55:23,172 - DEBUG - [C++:motion_server] [TRAJ] 36 points, total duration: 3.4129s, joints: 6
2026-03-19 13:55:26,810 - INFO - Approach movement successful: Cartesian path executed. OK (standard) (took 0.039041s)
2026-03-19 13:55:28,888 - INFO - Request for movement received : X=0.0, Y=0.0, Z=0.12, RX=0.0, RY=0.0, RZ=0.0, (Relative=True, Cartesian=True, Angle Format=RAD, Execute=True)
2026-03-19 13:55:28,891 - DEBUG - [C++:motion_server] [MoveToPose] Resolved target: pos=[0.4350, 0.0440, 0.0860] quat=[-0.2965, 0.8522, 0.1468, 0.4054] frame=world ref=TOOL relative=true cartesian=true execute=true
2026-03-19 13:55:28,909 - DEBUG - [C++:motion_server] Cartesian path result: OK (standard) (0.02s)
2026-03-19 13:55:28,910 - DEBUG - [C++:motion_server] [TRAJ] 15 points, total duration: 1.3477s, joints: 6
2026-03-19 13:55:30,387 - INFO - Successful movement : Cartesian path executed. OK (standard) (took 0.018047s)
2026-03-19 13:55:32,442 - INFO - Request for movement received : X=0.0, Y=0.0, Z=-0.12, RX=0.0, RY=0.0, RZ=0.0, (Relative=True, Cartesian=True, Angle Format=RAD, Execute=True)
2026-03-19 13:55:32,443 - DEBUG - [C++:motion_server] [MoveToPose] Resolved target: pos=[0.3629, -0.0152, 0.1618] quat=[-0.2968, 0.8521, 0.1471, 0.4051] frame=world ref=TOOL relative=true cartesian=true execute=true
2026-03-19 13:55:32,459 - DEBUG - [C++:motion_server] Cartesian path result: OK (standard) (0.02s)
2026-03-19 13:55:32,462 - DEBUG - [C++:motion_server] [TRAJ] 15 points, total duration: 1.3659s, joints: 6
2026-03-19 13:55:33,932 - INFO - Successful movement : Cartesian path executed. OK (standard) (took 0.015290s)
2026-03-19 13:55:35,989 - INFO - Approach pose requested: target=(position: 0.509, -0.155, 0.057 - orientation: -3.142, 0.000, -1.571), z_offset=0.12m, cartesian=True
2026-03-19 13:55:35,989 - INFO - Approach position computed: x=0.509, y=-0.155, z=0.177
2026-03-19 13:55:35,990 - INFO - Sending approach request to ROS C++ node...
2026-03-19 13:55:35,993 - DEBUG - [C++:motion_server] [MoveToPose] Resolved target: pos=[0.5094, -0.1552, 0.1769] quat=[0.7071, -0.7071, 0.0000, -0.0000] frame=world ref=WORLD relative=false cartesian=true execute=true
2026-03-19 13:55:36,036 - DEBUG - [C++:motion_server] Cartesian path result: OK (standard) (0.04s)
2026-03-19 13:55:36,048 - DEBUG - [C++:motion_server] [TRAJ] 29 points, total duration: 2.7093s, joints: 6
2026-03-19 13:55:38,932 - INFO - Approach movement successful: Cartesian path executed. OK (standard) (took 0.042247s)
2026-03-19 13:55:40,963 - INFO - Request for movement received : X=0.0, Y=0.0, Z=0.12, RX=0.0, RY=0.0, RZ=0.0, (Relative=True, Cartesian=True, Angle Format=RAD, Execute=True)
2026-03-19 13:55:40,965 - DEBUG - [C++:motion_server] [MoveToPose] Resolved target: pos=[0.5094, -0.1552, 0.0571] quat=[-0.7071, 0.7071, -0.0006, 0.0003] frame=world ref=TOOL relative=true cartesian=true execute=true
2026-03-19 13:55:40,975 - DEBUG - [C++:motion_server] Cartesian path result: OK (standard) (0.01s)
2026-03-19 13:55:40,976 - DEBUG - [C++:motion_server] [TRAJ] 12 points, total duration: 1.0136s, joints: 6
2026-03-19 13:55:42,094 - INFO - Successful movement : Cartesian path executed. OK (standard) (took 0.010733s)
2026-03-19 13:55:44,132 - INFO - Request for movement received : X=0.0, Y=0.0, Z=-0.12, RX=0.0, RY=0.0, RZ=0.0, (Relative=True, Cartesian=True, Angle Format=RAD, Execute=True)
2026-03-19 13:55:44,137 - DEBUG - [C++:motion_server] [MoveToPose] Resolved target: pos=[0.5093, -0.1552, 0.1775] quat=[-0.7071, 0.7071, 0.0003, -0.0002] frame=world ref=TOOL relative=true cartesian=true execute=true
2026-03-19 13:55:44,173 - DEBUG - [C++:motion_server] Cartesian path result: OK (standard) (0.04s)
2026-03-19 13:55:44,174 - DEBUG - [C++:motion_server] [TRAJ] 12 points, total duration: 1.0348s, joints: 6
2026-03-19 13:55:45,341 - INFO - Successful movement : Cartesian path executed. OK (standard) (took 0.035626s)
2026-03-19 13:55:47,376 - INFO - Request for movement received : X=0.2581, Y=0.136, Z=0.315, RX=3.141592653589793, RY=0.0, RZ=-1.5707963267948966, (Relative=False, Cartesian=True, Angle Format=RAD, Execute=True)
2026-03-19 13:55:47,378 - DEBUG - [C++:motion_server] [MoveToPose] Resolved target: pos=[0.2581, 0.1360, 0.3150] quat=[0.7071, -0.7071, -0.0000, 0.0000] frame=world ref=WORLD relative=false cartesian=true execute=true
2026-03-19 13:55:47,413 - DEBUG - [C++:motion_server] Cartesian path result: OK (standard) (0.03s)
2026-03-19 13:55:47,416 - DEBUG - [C++:motion_server] [TRAJ] 26 points, total duration: 2.4013s, joints: 6
2026-03-19 13:55:49,958 - INFO - Successful movement : Cartesian path executed. OK (standard) (took 0.034915s)
2026-03-19 13:55:51,978 - INFO - Request for movement received : X=0.0, Y=0.0, Z=-0.3, RX=0.0, RY=0.0, RZ=0.0, (Relative=True, Cartesian=True, Angle Format=RAD, Execute=True)
2026-03-19 13:55:51,980 - DEBUG - [C++:motion_server] [MoveToPose] Resolved target: pos=[0.2583, 0.1356, 0.0150] quat=[0.7072, -0.7070, -0.0003, -0.0002] frame=world ref=WORLD relative=true cartesian=true execute=true
2026-03-19 13:55:52,023 - DEBUG - [C++:motion_server] Cartesian path result: OK (standard) (0.04s)
2026-03-19 13:55:52,024 - DEBUG - [C++:motion_server] [TRAJ] 23 points, total duration: 2.1112s, joints: 6
2026-03-19 13:55:54,268 - INFO - Successful movement : Cartesian path executed. OK (standard) (took 0.039495s)
2026-03-19 13:55:56,345 - INFO - Request for movement received : X=0.0, Y=0.0, Z=0.3, RX=0.0, RY=0.0, RZ=0.0, (Relative=True, Cartesian=True, Angle Format=RAD, Execute=True)
2026-03-19 13:55:56,347 - DEBUG - [C++:motion_server] [MoveToPose] Resolved target: pos=[0.2586, 0.1358, 0.3153] quat=[0.7072, -0.7070, -0.0003, -0.0001] frame=world ref=WORLD relative=true cartesian=true execute=true
2026-03-19 13:55:56,379 - DEBUG - [C++:motion_server] Cartesian path result: OK (standard) (0.03s)
2026-03-19 13:55:56,381 - DEBUG - [C++:motion_server] [TRAJ] 23 points, total duration: 2.1219s, joints: 6
2026-03-19 13:55:58,621 - INFO - Successful movement : Cartesian path executed. OK (standard) (took 0.031978s)
2026-03-19 13:56:00,690 - INFO - Joint movement requested: [0.0, 0.0, 1.57, 0.0, 1.57, 0.0] (Relative=False, Angle Format=RAD, Execute=True)
2026-03-19 13:56:00,692 - DEBUG - [C++:motion_server] [MoveJoints] Request: 6 joints, relative=false, execute=true
2026-03-19 13:56:00,693 - DEBUG - [C++:motion_server] [PlanJoints] current=[0.4830, -0.0056, 1.8278, 0.0006, 1.3180, -1.0882] target=[0.0000, 0.0000, 1.5700, 0.0000, 1.5700, 0.0000] relative=false execute=true
2026-03-19 13:56:00,825 - DEBUG - [C++:motion_server] [PlanJoints] Plan OK: 11 points, planning took 0.131s
2026-03-19 13:56:00,827 - DEBUG - [C++:motion_server] [TRAJ] 11 points, total duration: 0.9330s, joints: 6
2026-03-19 13:56:01,796 - INFO - Joint movement successful: Joint trajectory executed (took 0.130979s)
2026-03-19 13:56:03,875 - INFO - Sending REMOVE for box DESKO GmbH SmartCard Reader 0_Antenna top (Glass): center to C++ node...
2026-03-19 13:56:05,948 - INFO - Sending REMOVE for box DESKO GmbH SmartCard Reader 0_Antenna front (PVC): center to C++ node...
2026-03-19 13:56:08,015 - INFO - Sending REMOVE for box ACS ACR1251 1S CL Reader PICC 0_Center to C++ node...
2026-03-19 13:56:10,084 - INFO - Sending REMOVE for mesh plaque1 (Path: )...
2026-03-19 13:56:10,087 - DEBUG - [C++:motion_server] Mesh 'plaque1' action 'REMOVE' applied with color.
2026-03-19 13:56:12,132 - INFO - Sending ADD for box HID Global OMNIKEY 5122CL Dual 0_Antenna Glass: center to C++ node...
2026-03-19 13:56:14,191 - INFO - Sending ADD for box HID Global OMNIKEY 5122CL Dual 0_Antenna PVC: center to C++ node...
2026-03-19 13:56:16,249 - INFO - Sending ADD for box ELYCTIS CL reader 324068070000 0_center to C++ node...
2026-03-19 13:56:18,302 - INFO - Sending ADD for mesh plaque3 (Path: file:///mnt/c/Users/33648/Desktop/STAGE_ROS/plates/plate3/plaque3.obj)...
2026-03-19 13:56:18,448 - DEBUG - [C++:motion_server] Mesh 'plaque3' action 'ADD' applied with color.
2026-03-19 13:56:20,508 - INFO - Request for movement received : X=0.2581, Y=0.136, Z=0.315, RX=3.141592653589793, RY=0.0, RZ=-1.5707963267948966, (Relative=False, Cartesian=True, Angle Format=RAD, Execute=True)
2026-03-19 13:56:20,512 - DEBUG - [C++:motion_server] [MoveToPose] Resolved target: pos=[0.2581, 0.1360, 0.3150] quat=[0.7071, -0.7071, -0.0000, 0.0000] frame=world ref=WORLD relative=false cartesian=true execute=true
2026-03-19 13:56:20,538 - DEBUG - [C++:motion_server] Cartesian path result: OK (standard) (0.03s)
2026-03-19 13:56:20,540 - DEBUG - [C++:motion_server] [TRAJ] 22 points, total duration: 2.0810s, joints: 6
2026-03-19 13:56:22,792 - INFO - Successful movement : Cartesian path executed. OK (standard) (took 0.027191s)
2026-03-19 13:56:24,826 - INFO - Request for movement received : X=0.0, Y=0.0, Z=-0.3, RX=0.0, RY=0.0, RZ=0.0, (Relative=True, Cartesian=True, Angle Format=RAD, Execute=True)
2026-03-19 13:56:24,828 - DEBUG - [C++:motion_server] [MoveToPose] Resolved target: pos=[0.2580, 0.1364, 0.0151] quat=[-0.7069, 0.7073, -0.0004, -0.0002] frame=world ref=WORLD relative=true cartesian=true execute=true
2026-03-19 13:56:24,863 - DEBUG - [C++:motion_server] Cartesian path result: OK (standard) (0.03s)
2026-03-19 13:56:24,864 - DEBUG - [C++:motion_server] [TRAJ] 23 points, total duration: 2.1201s, joints: 6
2026-03-19 13:56:27,118 - INFO - Successful movement : Cartesian path executed. OK (standard) (took 0.030829s)
2026-03-19 13:56:29,146 - INFO - Request for movement received : X=0.0, Y=0.0, Z=0.3, RX=0.0, RY=0.0, RZ=0.0, (Relative=True, Cartesian=True, Angle Format=RAD, Execute=True)
2026-03-19 13:56:29,152 - DEBUG - [C++:motion_server] [MoveToPose] Resolved target: pos=[0.2580, 0.1364, 0.3154] quat=[-0.7069, 0.7073, -0.0003, -0.0006] frame=world ref=WORLD relative=true cartesian=true execute=true
2026-03-19 13:56:29,182 - DEBUG - [C++:motion_server] Cartesian path result: OK (standard) (0.03s)
2026-03-19 13:56:29,184 - DEBUG - [C++:motion_server] [TRAJ] 23 points, total duration: 2.1232s, joints: 6
2026-03-19 13:56:31,418 - INFO - Successful movement : Cartesian path executed. OK (standard) (took 0.029984s)
2026-03-19 13:56:33,502 - INFO - Approach pose requested: target=(position: 0.518, 0.131, 0.078 - orientation: -3.142, 0.000, -3.142), z_offset=0.12m, cartesian=True
2026-03-19 13:56:33,503 - INFO - Approach position computed: x=0.518, y=0.131, z=0.198
2026-03-19 13:56:33,503 - INFO - Sending approach request to ROS C++ node...
2026-03-19 13:56:33,504 - DEBUG - [C++:motion_server] [MoveToPose] Resolved target: pos=[0.5183, 0.1312, 0.1980] quat=[-0.0000, 1.0000, -0.0000, 0.0000] frame=world ref=WORLD relative=false cartesian=true execute=true
2026-03-19 13:56:33,556 - DEBUG - [C++:motion_server] Cartesian path result: OK (standard) (0.05s)
2026-03-19 13:56:33,558 - DEBUG - [C++:motion_server] [TRAJ] 25 points, total duration: 2.3414s, joints: 6
2026-03-19 13:56:36,042 - INFO - Approach movement successful: Cartesian path executed. OK (standard) (took 0.047572s)
2026-03-19 13:56:38,109 - INFO - Request for movement received : X=0.0, Y=0.0, Z=0.12, RX=0.0, RY=0.0, RZ=0.0, (Relative=True, Cartesian=True, Angle Format=RAD, Execute=True)
2026-03-19 13:56:38,114 - DEBUG - [C++:motion_server] [MoveToPose] Resolved target: pos=[0.5180, 0.1312, 0.0781] quat=[-0.0002, 1.0000, 0.0002, 0.0008] frame=world ref=TOOL relative=true cartesian=true execute=true
2026-03-19 13:56:38,128 - DEBUG - [C++:motion_server] Cartesian path result: OK (standard) (0.01s)
2026-03-19 13:56:38,130 - DEBUG - [C++:motion_server] [TRAJ] 12 points, total duration: 1.0483s, joints: 6
2026-03-19 13:56:39,296 - INFO - Successful movement : Cartesian path executed. OK (standard) (took 0.014177s)
2026-03-19 13:56:41,332 - INFO - Request for movement received : X=0.0, Y=0.0, Z=-0.12, RX=0.0, RY=0.0, RZ=0.0, (Relative=True, Cartesian=True, Angle Format=RAD, Execute=True)
2026-03-19 13:56:41,333 - DEBUG - [C++:motion_server] [MoveToPose] Resolved target: pos=[0.5182, 0.1313, 0.1982] quat=[-0.0002, 1.0000, 0.0001, 0.0004] frame=world ref=TOOL relative=true cartesian=true execute=true
2026-03-19 13:56:41,348 - DEBUG - [C++:motion_server] Cartesian path result: OK (standard) (0.01s)
2026-03-19 13:56:41,350 - DEBUG - [C++:motion_server] [TRAJ] 13 points, total duration: 1.1020s, joints: 6
2026-03-19 13:56:42,504 - INFO - Successful movement : Cartesian path executed. OK (standard) (took 0.014819s)
2026-03-19 13:56:44,533 - INFO - Approach pose requested: target=(position: 0.437, 0.132, 0.078 - orientation: -3.142, 0.000, -3.142), z_offset=0.12m, cartesian=True
2026-03-19 13:56:44,534 - INFO - Approach position computed: x=0.437, y=0.132, z=0.198
2026-03-19 13:56:44,534 - INFO - Sending approach request to ROS C++ node...
2026-03-19 13:56:44,535 - DEBUG - [C++:motion_server] [MoveToPose] Resolved target: pos=[0.4371, 0.1320, 0.1980] quat=[-0.0000, 1.0000, -0.0000, 0.0000] frame=world ref=WORLD relative=false cartesian=true execute=true
2026-03-19 13:56:44,544 - DEBUG - [C++:motion_server] Cartesian path result: OK (standard) (0.01s)
2026-03-19 13:56:44,545 - DEBUG - [C++:motion_server] [TRAJ] 15 points, total duration: 1.3641s, joints: 6
2026-03-19 13:56:46,003 - INFO - Approach movement successful: Cartesian path executed. OK (standard) (took 0.008218s)
2026-03-19 13:56:48,050 - INFO - Request for movement received : X=0.0, Y=0.0, Z=0.12, RX=0.0, RY=0.0, RZ=0.0, (Relative=True, Cartesian=True, Angle Format=RAD, Execute=True)
2026-03-19 13:56:48,052 - DEBUG - [C++:motion_server] [MoveToPose] Resolved target: pos=[0.4374, 0.1321, 0.0780] quat=[0.0000, 1.0000, -0.0003, -0.0009] frame=world ref=TOOL relative=true cartesian=true execute=true
2026-03-19 13:56:48,059 - DEBUG - [C++:motion_server] Cartesian path result: OK (standard) (0.01s)
2026-03-19 13:56:48,060 - DEBUG - [C++:motion_server] [TRAJ] 12 points, total duration: 1.0919s, joints: 6
2026-03-19 13:56:49,211 - INFO - Successful movement : Cartesian path executed. OK (standard) (took 0.006986s)
2026-03-19 13:56:51,260 - INFO - Request for movement received : X=0.0, Y=0.0, Z=-0.12, RX=0.0, RY=0.0, RZ=0.0, (Relative=True, Cartesian=True, Angle Format=RAD, Execute=True)
2026-03-19 13:56:51,261 - DEBUG - [C++:motion_server] [MoveToPose] Resolved target: pos=[0.4377, 0.1322, 0.1984] quat=[0.0000, 1.0000, -0.0007, -0.0022] frame=world ref=TOOL relative=true cartesian=true execute=true
2026-03-19 13:56:51,271 - DEBUG - [C++:motion_server] Cartesian path result: OK (standard) (0.01s)
2026-03-19 13:56:51,273 - DEBUG - [C++:motion_server] [TRAJ] 13 points, total duration: 1.1035s, joints: 6
2026-03-19 13:56:52,483 - INFO - Successful movement : Cartesian path executed. OK (standard) (took 0.009895s)
2026-03-19 13:56:54,544 - INFO - Approach pose requested: target=(position: 0.472, -0.154, 0.038 - orientation: -3.142, 0.000, 3.142), z_offset=0.12m, cartesian=True
2026-03-19 13:56:54,545 - INFO - Approach position computed: x=0.472, y=-0.154, z=0.158
2026-03-19 13:56:54,545 - INFO - Sending approach request to ROS C++ node...
2026-03-19 13:56:54,547 - DEBUG - [C++:motion_server] [MoveToPose] Resolved target: pos=[0.4725, -0.1542, 0.1578] quat=[0.0000, 1.0000, -0.0000, -0.0000] frame=world ref=WORLD relative=false cartesian=true execute=true
2026-03-19 13:56:54,576 - DEBUG - [C++:motion_server] Cartesian path result: OK (standard) (0.03s)
2026-03-19 13:56:54,578 - DEBUG - [C++:motion_server] [TRAJ] 18 points, total duration: 1.6401s, joints: 6
2026-03-19 13:56:56,324 - INFO - Approach movement successful: Cartesian path executed. OK (standard) (took 0.028948s)
2026-03-19 13:56:58,367 - INFO - Request for movement received : X=0.0, Y=0.0, Z=0.12, RX=0.0, RY=0.0, RZ=0.0, (Relative=True, Cartesian=True, Angle Format=RAD, Execute=True)
2026-03-19 13:56:58,369 - DEBUG - [C++:motion_server] [MoveToPose] Resolved target: pos=[0.4722, -0.1541, 0.0378] quat=[-0.0000, 1.0000, -0.0001, 0.0005] frame=world ref=TOOL relative=true cartesian=true execute=true
2026-03-19 13:56:58,377 - DEBUG - [C++:motion_server] Cartesian path result: OK (standard) (0.01s)
2026-03-19 13:56:58,378 - DEBUG - [C++:motion_server] [TRAJ] 12 points, total duration: 1.0313s, joints: 6
2026-03-19 13:56:59,527 - INFO - Successful movement : Cartesian path executed. OK (standard) (took 0.008539s)
2026-03-19 13:57:01,572 - INFO - Request for movement received : X=0.0, Y=0.0, Z=-0.12, RX=0.0, RY=0.0, RZ=0.0, (Relative=True, Cartesian=True, Angle Format=RAD, Execute=True)
2026-03-19 13:57:01,575 - DEBUG - [C++:motion_server] [MoveToPose] Resolved target: pos=[0.4720, -0.1541, 0.1580] quat=[-0.0000, 1.0000, 0.0000, 0.0002] frame=world ref=TOOL relative=true cartesian=true execute=true
2026-03-19 13:57:01,583 - DEBUG - [C++:motion_server] Cartesian path result: OK (standard) (0.01s)
2026-03-19 13:57:01,584 - DEBUG - [C++:motion_server] [TRAJ] 12 points, total duration: 1.0675s, joints: 6
2026-03-19 13:57:02,759 - INFO - Successful movement : Cartesian path executed. OK (standard) (took 0.009488s)
2026-03-19 13:57:04,834 - INFO - Request for movement received : X=0.2581, Y=0.136, Z=0.315, RX=3.141592653589793, RY=0.0, RZ=-1.5707963267948966, (Relative=False, Cartesian=True, Angle Format=RAD, Execute=True)
2026-03-19 13:57:04,837 - DEBUG - [C++:motion_server] [MoveToPose] Resolved target: pos=[0.2581, 0.1360, 0.3150] quat=[0.7071, -0.7071, -0.0000, 0.0000] frame=world ref=WORLD relative=false cartesian=true execute=true
2026-03-19 13:57:04,872 - DEBUG - [C++:motion_server] Cartesian path result: OK (standard) (0.04s)
2026-03-19 13:57:04,878 - DEBUG - [C++:motion_server] [TRAJ] 24 points, total duration: 2.2392s, joints: 6
2026-03-19 13:57:07,265 - INFO - Successful movement : Cartesian path executed. OK (standard) (took 0.035116s)
2026-03-19 13:57:09,328 - INFO - Request for movement received : X=0.0, Y=0.0, Z=-0.3, RX=0.0, RY=0.0, RZ=0.0, (Relative=True, Cartesian=True, Angle Format=RAD, Execute=True)
2026-03-19 13:57:09,329 - DEBUG - [C++:motion_server] [MoveToPose] Resolved target: pos=[0.2582, 0.1357, 0.0149] quat=[0.7071, -0.7071, -0.0001, -0.0004] frame=world ref=WORLD relative=true cartesian=true execute=true
2026-03-19 13:57:09,363 - DEBUG - [C++:motion_server] Cartesian path result: OK (standard) (0.03s)
2026-03-19 13:57:09,365 - DEBUG - [C++:motion_server] [TRAJ] 23 points, total duration: 2.1135s, joints: 6
2026-03-19 13:57:11,637 - INFO - Successful movement : Cartesian path executed. OK (standard) (took 0.032879s)
2026-03-19 13:57:13,700 - INFO - Request for movement received : X=0.0, Y=0.0, Z=0.3, RX=0.0, RY=0.0, RZ=0.0, (Relative=True, Cartesian=True, Angle Format=RAD, Execute=True)
2026-03-19 13:57:13,703 - DEBUG - [C++:motion_server] [MoveToPose] Resolved target: pos=[0.2582, 0.1357, 0.3154] quat=[0.7071, -0.7071, -0.0003, 0.0001] frame=world ref=WORLD relative=true cartesian=true execute=true
2026-03-19 13:57:13,734 - DEBUG - [C++:motion_server] Cartesian path result: OK (standard) (0.03s)
2026-03-19 13:57:13,736 - DEBUG - [C++:motion_server] [TRAJ] 23 points, total duration: 2.1244s, joints: 6
2026-03-19 13:57:16,051 - INFO - Successful movement : Cartesian path executed. OK (standard) (took 0.030902s)
2026-03-19 13:57:18,100 - INFO - Joint movement requested: [0.0, 0.0, 1.57, 0.0, 1.57, 0.0] (Relative=False, Angle Format=RAD, Execute=True)
2026-03-19 13:57:18,107 - DEBUG - [C++:motion_server] [MoveJoints] Request: 6 joints, relative=false, execute=true
2026-03-19 13:57:18,108 - DEBUG - [C++:motion_server] [PlanJoints] current=[0.4835, -0.0057, 1.8273, 0.0005, 1.3194, -1.0875] target=[0.0000, 0.0000, 1.5700, 0.0000, 1.5700, 0.0000] relative=false execute=true
2026-03-19 13:57:18,197 - DEBUG - [C++:motion_server] [PlanJoints] Plan OK: 11 points, planning took 0.092s
2026-03-19 13:57:18,198 - DEBUG - [C++:motion_server] [TRAJ] 11 points, total duration: 0.9328s, joints: 6
2026-03-19 13:57:19,235 - INFO - Joint movement successful: Joint trajectory executed (took 0.092369s)
2026-03-19 13:57:21,262 - INFO - Sending REMOVE for box HID Global OMNIKEY 5122CL Dual 0_Antenna Glass: center to C++ node...
2026-03-19 13:57:23,314 - INFO - Sending REMOVE for box HID Global OMNIKEY 5122CL Dual 0_Antenna PVC: center to C++ node...
2026-03-19 13:57:25,355 - INFO - Sending REMOVE for box ELYCTIS CL reader 324068070000 0_center to C++ node...
2026-03-19 13:57:27,408 - INFO - Sending REMOVE for mesh plaque3 (Path: )...
2026-03-19 13:57:27,410 - DEBUG - [C++:motion_server] Mesh 'plaque3' action 'REMOVE' applied with color.
2026-03-19 13:57:31,448 - INFO - Virtual cage modification requested (Enable=False)
2026-03-19 13:57:31,454 - INFO - Virtual cage modification successful: Virtual cage removed
2026-03-19 13:57:33,498 - INFO - Sending REMOVE for mesh box1 (Path: )...
2026-03-19 13:57:33,503 - DEBUG - [C++:motion_server] Mesh 'box1' action 'REMOVE' applied with color.
2026-03-19 13:57:35,565 - INFO - Sending REMOVE for mesh box2 (Path: )...
2026-03-19 13:57:35,570 - DEBUG - [C++:motion_server] Mesh 'box2' action 'REMOVE' applied with color.
2026-03-19 13:58:04,834 - INFO - Initialization requested (Model: vs060, Group: arm)
2026-03-19 13:58:04,928 - DEBUG - [C++:motion_server] robot_description_kinematics.arm.mode: string = local
2026-03-19 13:58:04,932 - DEBUG - [C++:motion_server] robot_description_kinematics.arm.stop_optimization_on_valid_solution: bool = true
2026-03-19 13:58:04,933 - DEBUG - [C++:motion_server] robot_description_kinematics.arm.memetic_num_threads: integer = 1
2026-03-19 13:58:04,935 - DEBUG - [C++:motion_server] robot_description_kinematics.arm.memetic_stop_on_first_solution: bool = true
2026-03-19 13:58:04,936 - DEBUG - [C++:motion_server] robot_description_kinematics.arm.memetic_population_size: integer = 16
2026-03-19 13:58:04,937 - DEBUG - [C++:motion_server] robot_description_kinematics.arm.memetic_elite_size: integer = 4
2026-03-19 13:58:04,937 - DEBUG - [C++:motion_server] robot_description_kinematics.arm.memetic_wipeout_fitness_tol: double = 0.000010
2026-03-19 13:58:04,938 - DEBUG - [C++:motion_server] robot_description_kinematics.arm.memetic_max_generations: integer = 100
2026-03-19 13:58:04,939 - DEBUG - [C++:motion_server] robot_description_kinematics.arm.memetic_gd_max_iters: integer = 25
2026-03-19 13:58:04,939 - DEBUG - [C++:motion_server] robot_description_kinematics.arm.memetic_gd_max_time: double = 0.005000
2026-03-19 13:58:04,940 - DEBUG - [C++:motion_server] Loaded kinematic model in 0.022342 seconds
2026-03-19 13:58:05,021 - DEBUG - [C++:motion_server] PlanningSceneMonitor: timed out waiting for robot state. Diagnostics may be incomplete on first call.
2026-03-19 13:58:05,022 - DEBUG - [C++:motion_server] Link: base_link
2026-03-19 13:58:05,024 - DEBUG - [C++:motion_server] Link: J1
2026-03-19 13:58:05,025 - DEBUG - [C++:motion_server] Link: J2
2026-03-19 13:58:05,025 - DEBUG - [C++:motion_server] Link: J3
2026-03-19 13:58:05,026 - INFO - Initialization successful: Initialized with model=vs060, group=arm, vel_scale=0.2, accel_scale=0.2, plan_time=10, plan_attempts=20, replan=true,planner_id=RRTConnect, planning_frame=world, ee_link=tool_link
2026-03-19 13:58:05,027 - DEBUG - [C++:motion_server] Link: J4
2026-03-19 13:58:05,028 - DEBUG - [C++:motion_server] Link: J5
2026-03-19 13:58:05,029 - DEBUG - [C++:motion_server] Link: J6
2026-03-19 13:58:05,030 - DEBUG - [C++:motion_server] Link: tool_link
2026-03-19 13:58:05,031 - DEBUG - [C++:motion_server] ---------------------------------------
2026-03-19 13:58:05,031 - DEBUG - [C++:motion_server] Initialized with model=vs060, group=arm, vel_scale=0.2, accel_scale=0.2, plan_time=10, plan_attempts=20, replan=true,planner_id=RRTConnect, planning_frame=world, ee_link=tool_link
2026-03-19 13:58:07,086 - INFO - Requesting IK solver info from C++ node...
2026-03-19 13:58:07,093 - INFO - Current IK solver plugin: pick_ik/PickIkPlugin (short name: pick_ik)
2026-03-19 13:58:09,182 - INFO - Scaling change requested (Vel: 1.0, Acc: 1.0)
2026-03-19 13:58:09,211 - DEBUG - [C++:motion_server] Scaling updated: velocity_scale=1, accel_scale=1. This will be used for all subsequent motions
2026-03-19 13:58:09,213 - INFO - Scaling change successful: Scaling updated: velocity_scale=1, accel_scale=1. This will be used for all subsequent motions
2026-03-19 13:58:11,307 - INFO - Sending ADD for mesh box1 (Path: file:///mnt/c/Users/33648/Desktop/STAGE_ROS/card_storage/boitier.STL)...
2026-03-19 13:58:11,372 - DEBUG - [C++:motion_server] Mesh 'box1' action 'ADD' applied with color.
2026-03-19 13:58:13,445 - INFO - Sending ADD for mesh box2 (Path: file:///mnt/c/Users/33648/Desktop/STAGE_ROS/card_storage/boitier.STL)...
2026-03-19 13:58:13,532 - DEBUG - [C++:motion_server] Mesh 'box2' action 'ADD' applied with color.
2026-03-19 13:58:15,607 - INFO - Virtual cage modification requested (Enable=True)
2026-03-19 13:58:15,613 - INFO - Virtual cage modification successful: Virtual cage successfully activated
2026-03-19 13:58:19,655 - INFO - Joint movement requested: [0.0, 0.0, 1.57, 0.0, 1.57, 0.0] (Relative=False, Angle Format=RAD, Execute=True)
2026-03-19 13:58:19,660 - DEBUG - [C++:motion_server] [MoveJoints] Request: 6 joints, relative=false, execute=true
2026-03-19 13:58:19,661 - DEBUG - [C++:motion_server] [PlanJoints] current=[0.0000, -0.0000, 1.5701, 0.0001, 1.5700, 0.0001] target=[0.0000, 0.0000, 1.5700, 0.0000, 1.5700, 0.0000] relative=false execute=true
2026-03-19 13:58:19,757 - DEBUG - [C++:motion_server] [PlanJoints] Plan OK: 1 points, planning took 0.097s
2026-03-19 13:58:19,758 - DEBUG - [C++:motion_server] [TRAJ] 1 points, total duration: 0.0000s, joints: 6
2026-03-19 13:58:19,818 - INFO - Joint movement successful: Joint trajectory executed (took 0.096535s)
2026-03-19 13:58:21,894 - INFO - Request for movement received : X=0.0, Y=0.0, Z=0.0, RX=0.0, RY=0.0, RZ=0.0, (Relative=False, Cartesian=False, Angle Format=RAD, Execute=True)
2026-03-19 13:58:21,896 - DEBUG - [C++:motion_server] [MoveToPose] Resolved target: pos=[0.0000, 0.0000, 0.0000] quat=[0.0000, 0.0000, 0.0000, 1.0000] frame=world ref=WORLD relative=false cartesian=false execute=true
2026-03-19 13:58:21,899 - DEBUG - [C++:motion_server] [PlanPose] Target: pos=[0.0000, 0.0000, 0.0000] quat=[0.0000, 0.0000, 0.0000, 1.0000] execute=true
2026-03-19 13:58:33,919 - DEBUG - [C++:motion_server] [DIAG] Cloned planning scene for diagnostics (snapshot — may be stale if world changed during execution)
2026-03-19 13:58:33,945 - DEBUG - [C++:motion_server] [DIAG] Start state is in collision with 10 contact pair(s) (4 self-collision, 6 environment)
2026-03-19 13:58:34,045 - DEBUG - [C++:motion_server] [DIAG] IK failed for goal pose — unreachable or singular
2026-03-19 13:58:34,046 - DEBUG - [C++:motion_server] [DIAG] Primary cause: START_STATE_IN_COLLISION (+1 additional issue(s))
  - Start state IS in collision. Self-collision: J1 <-> tool_link, J2 <-> tool_link, J3 <-> tool_link (+1 more). Environment: J2 <-> cage_bottom, J3 <-> cage_bottom, J4 <-> cage_bottom (+3 more).
  - IK failed: IK solver returned no solution for the target pose. The pose may be outside the workspace or near a singularity.
  - Planning took 12.0162s

2026-03-19 13:58:34,046 - DEBUG - [C++:motion_server] Pose target planning failed: FAILURE | [DIAG] Primary cause: START_STATE_IN_COLLISION (+1 additional issue(s))
  - Start state IS in collision. Self-collision: J1 <-> tool_link, J2 <-> tool_link, J3 <-> tool_link (+1 more). Environment: J2 <-> cage_bottom, J3 <-> cage_bottom, J4 <-> cage_bottom (+3 more).
  - IK failed: IK solver returned no solution for the target pose. The pose may be outside the workspace or near a singularity.
  - Planning took 12.0162s
 (12.02s) — Falling back to IK + joint-space...
2026-03-19 13:58:34,549 - ERROR - Failed movement ! Cause returned by MoveIt : Both strategies failed. Pose target: FAILURE | [DIAG] Primary cause: START_STATE_IN_COLLISION (+1 additional issue(s))
  - Start state IS in collision. Self-collision: J1 <-> tool_link, J2 <-> tool_link, J3 <-> tool_link (+1 more). Environment: J2 <-> cage_bottom, J3 <-> cage_bottom, J4 <-> cage_bottom (+3 more).
  - IK failed: IK solver returned no solution for the target pose. The pose may be outside the workspace or near a singularity.
  - Planning took 12.0162s
 (12.016196s) | IK+Joint fallback: IK failed: pose is unreachable (out of workspace or near singularity)
2026-03-19 14:01:03,586 - INFO - Initialization requested (Model: vs060, Group: arm)
2026-03-19 14:01:03,715 - DEBUG - [C++:motion_server] robot_description_kinematics.arm.mode: string = local
2026-03-19 14:01:03,716 - DEBUG - [C++:motion_server] robot_description_kinematics.arm.gd_min_cost_delta: double = 0.000000
2026-03-19 14:01:03,717 - DEBUG - [C++:motion_server] robot_description_kinematics.arm.position_threshold: double = 0.000500
2026-03-19 14:01:03,718 - DEBUG - [C++:motion_server] robot_description_kinematics.arm.stop_optimization_on_valid_solution: bool = true
2026-03-19 14:01:03,718 - DEBUG - [C++:motion_server] robot_description_kinematics.arm.memetic_num_threads: integer = 1
2026-03-19 14:01:03,719 - DEBUG - [C++:motion_server] robot_description_kinematics.arm.memetic_stop_on_first_solution: bool = true
2026-03-19 14:01:03,720 - DEBUG - [C++:motion_server] robot_description_kinematics.arm.memetic_population_size: integer = 16
2026-03-19 14:01:03,721 - DEBUG - [C++:motion_server] robot_description_kinematics.arm.memetic_elite_size: integer = 4
2026-03-19 14:01:03,723 - DEBUG - [C++:motion_server] robot_description_kinematics.arm.memetic_wipeout_fitness_tol: double = 0.000010
2026-03-19 14:01:03,724 - DEBUG - [C++:motion_server] robot_description_kinematics.arm.memetic_max_generations: integer = 100
2026-03-19 14:01:03,724 - DEBUG - [C++:motion_server] robot_description_kinematics.arm.memetic_gd_max_iters: integer = 25
2026-03-19 14:01:03,724 - DEBUG - [C++:motion_server] robot_description_kinematics.arm.memetic_gd_max_time: double = 0.005000
2026-03-19 14:01:03,725 - DEBUG - [C++:motion_server] Loaded kinematic model in 0.026231 seconds
2026-03-19 14:01:03,834 - DEBUG - [C++:motion_server] PlanningSceneMonitor: timed out waiting for robot state. Diagnostics may be incomplete on first call.
2026-03-19 14:01:03,834 - DEBUG - [C++:motion_server] Link: base_link
2026-03-19 14:01:03,835 - DEBUG - [C++:motion_server] Link: J1
2026-03-19 14:01:03,836 - DEBUG - [C++:motion_server] Link: J2
2026-03-19 14:01:03,837 - DEBUG - [C++:motion_server] Link: J3
2026-03-19 14:01:03,838 - DEBUG - [C++:motion_server] Link: J4
2026-03-19 14:01:03,838 - DEBUG - [C++:motion_server] Link: J5
2026-03-19 14:01:03,839 - INFO - Initialization successful: Initialized with model=vs060, group=arm, vel_scale=0.2, accel_scale=0.2, plan_time=10, plan_attempts=20, replan=true,planner_id=RRTConnect, planning_frame=world, ee_link=tool_link
2026-03-19 14:01:03,840 - DEBUG - [C++:motion_server] Link: J6
2026-03-19 14:01:03,841 - DEBUG - [C++:motion_server] Link: tool_link
2026-03-19 14:01:03,842 - DEBUG - [C++:motion_server] ---------------------------------------
2026-03-19 14:01:03,843 - DEBUG - [C++:motion_server] Initialized with model=vs060, group=arm, vel_scale=0.2, accel_scale=0.2, plan_time=10, plan_attempts=20, replan=true,planner_id=RRTConnect, planning_frame=world, ee_link=tool_link
2026-03-19 14:01:05,897 - INFO - Requesting IK solver info from C++ node...
2026-03-19 14:01:05,904 - INFO - Current IK solver plugin: pick_ik/PickIkPlugin (short name: pick_ik)
2026-03-19 14:01:07,937 - INFO - Scaling change requested (Vel: 1.0, Acc: 1.0)
2026-03-19 14:01:07,939 - DEBUG - [C++:motion_server] Scaling updated: velocity_scale=1, accel_scale=1. This will be used for all subsequent motions
2026-03-19 14:01:07,949 - INFO - Scaling change successful: Scaling updated: velocity_scale=1, accel_scale=1. This will be used for all subsequent motions
2026-03-19 14:01:09,981 - INFO - Sending ADD for mesh box1 (Path: file:///mnt/c/Users/33648/Desktop/STAGE_ROS/card_storage/boitier.STL)...
2026-03-19 14:01:10,059 - DEBUG - [C++:motion_server] Mesh 'box1' action 'ADD' applied with color.
2026-03-19 14:01:12,111 - INFO - Sending ADD for mesh box2 (Path: file:///mnt/c/Users/33648/Desktop/STAGE_ROS/card_storage/boitier.STL)...
2026-03-19 14:01:12,175 - DEBUG - [C++:motion_server] Mesh 'box2' action 'ADD' applied with color.
2026-03-19 14:01:14,211 - INFO - Virtual cage modification requested (Enable=True)
2026-03-19 14:01:14,216 - INFO - Virtual cage modification successful: Virtual cage successfully activated
2026-03-19 14:01:18,238 - INFO - Joint movement requested: [0.0, 0.0, 1.57, 0.0, 1.57, 0.0] (Relative=False, Angle Format=RAD, Execute=True)
2026-03-19 14:01:18,255 - DEBUG - [C++:motion_server] [MoveJoints] Request: 6 joints, relative=false, execute=true
2026-03-19 14:01:18,256 - DEBUG - [C++:motion_server] [PlanJoints] current=[0.0000, -0.0000, 1.5701, 0.0001, 1.5700, 0.0001] target=[0.0000, 0.0000, 1.5700, 0.0000, 1.5700, 0.0000] relative=false execute=true
2026-03-19 14:01:18,319 - DEBUG - [C++:motion_server] [PlanJoints] Plan OK: 1 points, planning took 0.064s
2026-03-19 14:01:18,320 - DEBUG - [C++:motion_server] [TRAJ] 1 points, total duration: 0.0000s, joints: 6
2026-03-19 14:01:18,377 - INFO - Joint movement successful: Joint trajectory executed (took 0.064392s)
2026-03-19 14:01:20,434 - INFO - Request for movement received : X=0.3, Y=0.0, Z=0.5, RX=0.0, RY=1.5707963267948966, RZ=0.0, (Relative=False, Cartesian=False, Angle Format=RAD, Execute=True)
2026-03-19 14:01:20,435 - DEBUG - [C++:motion_server] [MoveToPose] Resolved target: pos=[0.3000, 0.0000, 0.5000] quat=[0.0000, 0.7071, 0.0000, 0.7071] frame=world ref=WORLD relative=false cartesian=false execute=true
2026-03-19 14:01:20,436 - DEBUG - [C++:motion_server] [PlanPose] Target: pos=[0.3000, 0.0000, 0.5000] quat=[0.0000, 0.7071, 0.0000, 0.7071] execute=true
2026-03-19 14:01:31,963 - DEBUG - [C++:motion_server] [DIAG] Cloned planning scene for diagnostics (snapshot — may be stale if world changed during execution)
2026-03-19 14:01:31,995 - DEBUG - [C++:motion_server] [DIAG] Start state is in collision with 10 contact pair(s) (4 self-collision, 6 environment)
2026-03-19 14:01:32,027 - DEBUG - [C++:motion_server] [DIAG] Goal state is in collision with 10 pair(s) (4 self, 6 env)
2026-03-19 14:01:32,028 - DEBUG - [C++:motion_server] [DIAG] Goal is near singularity: manipulability=0.000000, condition=inf
2026-03-19 14:01:32,029 - DEBUG - [C++:motion_server] [DIAG] Primary cause: START_STATE_IN_COLLISION (+2 additional issue(s))
  - Start state IS in collision. Self-collision: J1 <-> tool_link, J2 <-> tool_link, J3 <-> tool_link (+5 more). Environment: J2 <-> cage_bottom, J3 <-> cage_bottom, J4 <-> cage_bottom (+9 more).
  - Goal state IS in collision.
  - Near singularity at goal. Manipulability=2.65831e-37 (threshold=0.001), Jacobian condition=inf
  - Planning took 11.5263s

2026-03-19 14:01:32,030 - DEBUG - [C++:motion_server] Pose target planning failed: FAILURE | [DIAG] Primary cause: START_STATE_IN_COLLISION (+2 additional issue(s))
  - Start state IS in collision. Self-collision: J1 <-> tool_link, J2 <-> tool_link, J3 <-> tool_link (+5 more). Environment: J2 <-> cage_bottom, J3 <-> cage_bottom, J4 <-> cage_bottom (+9 more).
  - Goal state IS in collision.
  - Near singularity at goal. Manipulability=2.65831e-37 (threshold=0.001), Jacobian condition=inf
  - Planning took 11.5263s
 (11.53s) — Falling back to IK + joint-space...
2026-03-19 14:01:32,031 - DEBUG - [C++:motion_server] [PlanJoints] current=[0.0000, -0.0000, 1.5701, 0.0001, 1.5700, 0.0001] target=[-0.0000, -1.0880, 2.6469, 0.0000, 0.0118, -0.0000] relative=false execute=true
2026-03-19 14:01:32,183 - DEBUG - [C++:motion_server] [PlanJoints] Plan OK: 13 points, planning took 0.154s
2026-03-19 14:01:32,184 - DEBUG - [C++:motion_server] [TRAJ] 13 points, total duration: 1.1165s, joints: 6
2026-03-19 14:01:33,394 - DEBUG - [C++:motion_server] Fallback succeeded: Joint trajectory executed (took 0.154214s)
2026-03-19 14:01:33,402 - INFO - Successful movement : [FALLBACK IK+Joint] Joint trajectory executed (took 0.154214s)
2026-03-19 14:01:35,436 - INFO - Pose read requested (frame=, child=)
2026-03-19 14:01:35,443 - INFO - Pose read successful. XYZ: [0.299725, 0.000007, 0.500186], Quat: [0.000008, 0.707088, 0.000024, 0.707126], RPY: [0.708703, 1.570725, 0.708725]
2026-03-19 14:01:37,464 - INFO - Request for movement received : X=0.3, Y=0.0, Z=0.5, RX=0.0, RY=1.5707963267948966, RZ=0.0, (Relative=True, Cartesian=True, Angle Format=RAD, Execute=True)
2026-03-19 14:01:37,467 - DEBUG - [C++:motion_server] [MoveToPose] Resolved target: pos=[0.5997, 0.0000, 1.0002] quat=[0.0000, 1.0000, 0.0000, 0.0000] frame=world ref=WORLD relative=true cartesian=true execute=true
2026-03-19 14:01:37,991 - DEBUG - [C++:motion_server] Cartesian path attempt 1 failed (fraction: 38.5%). Retrying with coarser step...
2026-03-19 14:01:38,504 - DEBUG - [C++:motion_server] Cartesian path result: FAILED (best fraction: 38.983051%) (1.04s)
2026-03-19 14:01:38,505 - DEBUG - [C++:motion_server] [DIAG] Cloned planning scene for diagnostics (snapshot — may be stale if world changed during execution)
2026-03-19 14:01:38,507 - DEBUG - [C++:motion_server] [DIAG-CART] Start state is in collision (0 self, 2 env)
2026-03-19 14:01:38,605 - DEBUG - [C++:motion_server] [DIAG-CART] IK failed at waypoint #0 (pose: x=0.599725 y=6.74784e-06 z=1.00019)
2026-03-19 14:01:38,606 - DEBUG - [C++:motion_server] [DIAG] Primary cause: START_STATE_IN_COLLISION (+1 additional issue(s))
  - Start state IS in collision. Environment: J4 <-> cage_top, J5 <-> cage_top.
  - IK failed: IK failed at waypoint #0 (pose: x=0.599725 y=6.74784e-06 z=1.00019)
  - Cartesian fraction achieved: 38.9831% (failure near waypoint #0)
  - Planning took 1.03665s

2026-03-19 14:01:38,611 - ERROR - Failed movement ! Cause returned by MoveIt : Cartesian path failed — fraction: 38.983051% | FAILED (best fraction: 38.983051%) | [DIAG] Primary cause: START_STATE_IN_COLLISION (+1 additional issue(s))
  - Start state IS in collision. Environment: J4 <-> cage_top, J5 <-> cage_top.
  - IK failed: IK failed at waypoint #0 (pose: x=0.599725 y=6.74784e-06 z=1.00019)
  - Cartesian fraction achieved: 38.9831% (failure near waypoint #0)
  - Planning took 1.03665s
 (took 1.036655s)
2026-03-19 14:16:06,840 - INFO - Waiting for ROS 2 services...
2026-03-19 14:16:06,843 - INFO - All ROS 2 services are connected.
2026-03-19 14:16:16,528 - INFO - Initialization requested (Model: vs060, Group: arm)
2026-03-19 14:16:16,626 - DEBUG - [C++:motion_server] robot_description_kinematics.arm.stop_optimization_on_valid_solution: bool = true
2026-03-19 14:16:16,627 - DEBUG - [C++:motion_server] robot_description_kinematics.arm.memetic_num_threads: integer = 1
2026-03-19 14:16:16,628 - DEBUG - [C++:motion_server] robot_description_kinematics.arm.memetic_stop_on_first_solution: bool = true
2026-03-19 14:16:16,628 - DEBUG - [C++:motion_server] robot_description_kinematics.arm.memetic_population_size: integer = 16
2026-03-19 14:16:16,629 - DEBUG - [C++:motion_server] robot_description_kinematics.arm.memetic_elite_size: integer = 4
2026-03-19 14:16:16,630 - DEBUG - [C++:motion_server] robot_description_kinematics.arm.memetic_wipeout_fitness_tol: double = 0.000010
2026-03-19 14:16:16,631 - DEBUG - [C++:motion_server] robot_description_kinematics.arm.memetic_max_generations: integer = 100
2026-03-19 14:16:16,633 - DEBUG - [C++:motion_server] robot_description_kinematics.arm.memetic_gd_max_iters: integer = 25
2026-03-19 14:16:16,633 - DEBUG - [C++:motion_server] robot_description_kinematics.arm.memetic_gd_max_time: double = 0.005000
2026-03-19 14:16:16,634 - DEBUG - [C++:motion_server] Loaded kinematic model in 0.095016 seconds
2026-03-19 14:16:16,739 - DEBUG - [C++:motion_server] robot_description_kinematics.arm.mode: string = local
2026-03-19 14:16:16,740 - DEBUG - [C++:motion_server] robot_description_kinematics.arm.gd_step_size: double = 0.000100
2026-03-19 14:16:16,744 - DEBUG - [C++:motion_server] Loaded kinematic model in 0.028330 seconds
2026-03-19 14:16:16,827 - WARNING - [C++:motion_server] PlanningSceneMonitor: timed out waiting for robot state. Diagnostics may be incomplete on first call.
2026-03-19 14:16:16,828 - INFO - [C++:motion_server] Link: world
2026-03-19 14:16:16,829 - INFO - [C++:motion_server] Link: base_link
2026-03-19 14:16:16,829 - INFO - [C++:motion_server] Link: J1
2026-03-19 14:16:16,830 - INFO - [C++:motion_server] Link: J2
2026-03-19 14:16:16,831 - INFO - [C++:motion_server] Link: J3
2026-03-19 14:16:16,832 - INFO - Initialization successful: Initialized with model=vs060, group=arm, vel_scale=0.2, accel_scale=0.2, plan_time=10, plan_attempts=20, replan=true,planner_id=RRTConnect, planning_frame=world, ee_link=tool_link
2026-03-19 14:16:16,833 - INFO - [C++:motion_server] Link: J4
2026-03-19 14:16:16,836 - INFO - [C++:motion_server] Link: J5
2026-03-19 14:16:16,838 - INFO - [C++:motion_server] Link: J6
2026-03-19 14:16:16,838 - INFO - [C++:motion_server] Link: tool_link
2026-03-19 14:16:16,839 - INFO - [C++:motion_server] ---------------------------------------
2026-03-19 14:16:16,841 - INFO - [C++:motion_server] Initialized with model=vs060, group=arm, vel_scale=0.2, accel_scale=0.2, plan_time=10, plan_attempts=20, replan=true,planner_id=RRTConnect, planning_frame=world, ee_link=tool_link
2026-03-19 14:16:18,863 - INFO - Requesting IK solver info from C++ node...
2026-03-19 14:16:18,869 - INFO - Current IK solver plugin: pick_ik/PickIkPlugin (short name: pick_ik)
2026-03-19 14:16:20,923 - INFO - Scaling change requested (Vel: 1.0, Acc: 1.0)
2026-03-19 14:16:20,924 - INFO - [C++:motion_server] Scaling updated: velocity_scale=1, accel_scale=1. This will be used for all subsequent motions
2026-03-19 14:16:20,929 - INFO - Scaling change successful: Scaling updated: velocity_scale=1, accel_scale=1. This will be used for all subsequent motions
2026-03-19 14:16:22,987 - INFO - Sending ADD for mesh box1 (Path: file:///mnt/c/Users/33648/Desktop/STAGE_ROS/card_storage/boitier.STL)...
2026-03-19 14:16:23,098 - INFO - [C++:motion_server] Mesh 'box1' action 'ADD' applied with color.
2026-03-19 14:16:25,127 - INFO - Sending ADD for mesh box2 (Path: file:///mnt/c/Users/33648/Desktop/STAGE_ROS/card_storage/boitier.STL)...
2026-03-19 14:16:25,219 - INFO - [C++:motion_server] Mesh 'box2' action 'ADD' applied with color.
2026-03-19 14:16:27,243 - INFO - Virtual cage modification requested (Enable=True)
2026-03-19 14:16:27,249 - INFO - Virtual cage modification successful: Virtual cage successfully activated
2026-03-19 14:16:31,272 - INFO - Joint movement requested: [0.0, 0.0, 1.57, 0.0, 1.57, 0.0] (Relative=False, Angle Format=RAD, Execute=True)
2026-03-19 14:16:31,274 - DEBUG - [C++:motion_server] [MoveJoints] Request: 6 joints, relative=false, execute=true
2026-03-19 14:16:31,278 - DEBUG - [C++:motion_server] [PlanJoints] current=[0.0000, 0.0000, 0.0000, 0.0000, 0.0000, 0.0000] target=[0.0000, 0.0000, 1.5700, 0.0000, 1.5700, 0.0000] relative=false execute=true
2026-03-19 14:16:31,369 - DEBUG - [C++:motion_server] [PlanJoints] Plan OK: 1 points, planning took 0.094s
2026-03-19 14:16:31,371 - DEBUG - [C++:motion_server] [TRAJ] 1 points, total duration: 0.0000s, joints: 6
2026-03-19 14:16:31,430 - INFO - Joint movement successful: Joint trajectory executed (took 0.093854s)
2026-03-19 14:16:33,449 - INFO - Request for movement received : X=0.3, Y=0.0, Z=0.5, RX=0.0, RY=1.5707963267948966, RZ=0.0, (Relative=False, Cartesian=False, Angle Format=RAD, Execute=True)
2026-03-19 14:16:33,451 - DEBUG - [C++:motion_server] [MoveToPose] Resolved target: pos=[0.3000, 0.0000, 0.5000] quat=[0.0000, 0.7071, 0.0000, 0.7071] frame=world ref=WORLD relative=false cartesian=false execute=true
2026-03-19 14:16:33,452 - DEBUG - [C++:motion_server] [PlanPose] Target: pos=[0.3000, 0.0000, 0.5000] quat=[0.0000, 0.7071, 0.0000, 0.7071] execute=true
2026-03-19 14:16:43,462 - DEBUG - [C++:motion_server] [DIAG] Cloned planning scene for diagnostics (snapshot — may be stale if world changed during execution)
2026-03-19 14:16:43,493 - WARNING - [C++:motion_server] [DIAG] Start state is in collision with 10 contact pair(s) (4 self-collision, 6 environment)
2026-03-19 14:16:43,535 - WARNING - [C++:motion_server] [DIAG] Goal state is in collision with 10 pair(s) (4 self, 6 env)
2026-03-19 14:16:43,536 - WARNING - [C++:motion_server] [DIAG] Goal is near singularity: manipulability=0.000000, condition=inf
2026-03-19 14:16:43,538 - WARNING - [C++:motion_server] [DIAG] Primary cause: START_STATE_IN_COLLISION (+2 additional issue(s)) |   - Start state IS in collision. Self-collision: J1 <-> tool_link, J2 <-> tool_link, J3 <-> tool_link (+5 more). Environment: J2 <-> cage_bottom, J3 <-> cage_bottom, J4 <-> cage_bottom (+9 more). |   - Goal state IS in collision. |   - Near singularity at goal. Manipulability=2.65831e-37 (threshold=0.001), Jacobian condition=inf |   - Planning took 10.0101s |
2026-03-19 14:16:43,539 - WARNING - [C++:motion_server] Pose target planning failed: FAILURE | [DIAG] Primary cause: START_STATE_IN_COLLISION (+2 additional issue(s)) |   - Start state IS in collision. Self-collision: J1 <-> tool_link, J2 <-> tool_link, J3 <-> tool_link (+5 more). Environment: J2 <-> cage_bottom, J3 <-> cage_bottom, J4 <-> cage_bottom (+9 more). |   - Goal state IS in collision. |   - Near singularity at goal. Manipulability=2.65831e-37 (threshold=0.001), Jacobian condition=inf |   - Planning took 10.0101s |  (10.01s) — Falling back to IK + joint-space...
2026-03-19 14:16:43,540 - DEBUG - [C++:motion_server] [PlanJoints] current=[0.0000, -0.0000, 1.5706, -0.0000, 1.5694, 0.0000] target=[0.0000, -1.0887, 2.6470, -0.0000, 0.0130, 0.0000] relative=false execute=true
2026-03-19 14:16:43,647 - DEBUG - [C++:motion_server] [PlanJoints] Plan OK: 13 points, planning took 0.104s
2026-03-19 14:16:43,653 - DEBUG - [C++:motion_server] [TRAJ] 13 points, total duration: 1.1158s, joints: 6
2026-03-19 14:16:44,858 - INFO - [C++:motion_server] Fallback succeeded: Joint trajectory executed (took 0.104429s)
2026-03-19 14:16:44,860 - INFO - Successful movement : [FALLBACK IK+Joint] Joint trajectory executed (took 0.104429s)
2026-03-19 14:16:46,926 - INFO - Pose read requested (frame=, child=)
2026-03-19 14:16:46,932 - INFO - Pose read successful. XYZ: [0.299608, -0.000027, 0.499981], Quat: [0.000043, 0.707323, -0.000021, 0.706891], RPY: [3.091322, 1.570184, 3.091231]
2026-03-19 14:16:48,972 - INFO - Request for movement received : X=0.3, Y=0.0, Z=0.5, RX=0.0, RY=1.5707963267948966, RZ=0.0, (Relative=True, Cartesian=True, Angle Format=RAD, Execute=True)
2026-03-19 14:16:48,973 - DEBUG - [C++:motion_server] [MoveToPose] Resolved target: pos=[0.5996, -0.0000, 1.0000] quat=[0.0000, 1.0000, -0.0000, -0.0003] frame=world ref=WORLD relative=true cartesian=true execute=true
2026-03-19 14:16:49,494 - WARNING - [C++:motion_server] Cartesian path attempt 1 failed (fraction: 38.5%). Retrying with coarser step...
2026-03-19 14:16:50,022 - INFO - [C++:motion_server] Cartesian path result: FAILED (best fraction: 38.983051%) (1.04s)
2026-03-19 14:16:50,023 - DEBUG - [C++:motion_server] [DIAG] Cloned planning scene for diagnostics (snapshot — may be stale if world changed during execution)
2026-03-19 14:16:50,655 - WARNING - [C++:motion_server] [DIAG-CART] Start state is in collision (2 self, 6 env)
2026-03-19 14:16:50,747 - WARNING - [C++:motion_server] [DIAG-CART] IK failed at waypoint #0 (pose: x=0.599608 y=-2.70894e-05 z=0.999981)
2026-03-19 14:16:50,748 - WARNING - [C++:motion_server] [DIAG] Primary cause: START_STATE_IN_COLLISION (+1 additional issue(s)) |   - Start state IS in collision. Self-collision: J3 <-> tool_link, base_link <-> tool_link. Environment: J1 <-> cage_bottom, J3 <-> cage_bottom, J4 <-> cage_bottom (+3 more). |   - IK failed: IK failed at waypoint #0 (pose: x=0.599608 y=-2.70894e-05 z=0.999981) |   - Cartesian fraction achieved: 38.9831% (failure near waypoint #0) |   - Planning took 1.04483s |
2026-03-19 14:16:50,751 - ERROR - Failed movement ! Cause returned by MoveIt : Cartesian path failed — fraction: 38.983051% | FAILED (best fraction: 38.983051%) | [DIAG] Primary cause: START_STATE_IN_COLLISION (+1 additional issue(s)) |   - Start state IS in collision. Self-collision: J3 <-> tool_link, base_link <-> tool_link. Environment: J1 <-> cage_bottom, J3 <-> cage_bottom, J4 <-> cage_bottom (+3 more). |   - IK failed: IK failed at waypoint #0 (pose: x=0.599608 y=-2.70894e-05 z=0.999981) |   - Cartesian fraction achieved: 38.9831% (failure near waypoint #0) |   - Planning took 1.04483s |  (took 1.044828s)
2026-03-19 14:29:16,634 - INFO - Waiting for ROS 2 services...
2026-03-19 14:29:16,637 - INFO - All ROS 2 services are connected.
2026-03-19 14:30:34,446 - INFO - Waiting for ROS 2 services...
2026-03-19 14:30:34,446 - INFO - All ROS 2 services are connected.
2026-03-19 14:31:03,785 - INFO - Waiting for ROS 2 services...
2026-03-19 14:31:05,539 - INFO - All ROS 2 services are connected.
2026-03-19 14:37:58,594 - INFO - Waiting for ROS 2 services...
2026-03-19 14:37:58,596 - INFO - All ROS 2 services are connected.
